0 info it worked if it ends with ok
1 verbose cli [ '/Users/christopher/.nvm/versions/node/v7.0.0/bin/node',
1 verbose cli   '/Users/christopher/.nvm/versions/node/v7.0.0/bin/npm',
1 verbose cli   'start' ]
2 info using npm@4.0.5
3 info using node@v7.0.0
4 verbose run-script [ 'prestart', 'start', 'poststart' ]
5 info lifecycle solarFlare@1.0.0~prestart: solarFlare@1.0.0
6 silly lifecycle solarFlare@1.0.0~prestart: no script for prestart, continuing
7 info lifecycle solarFlare@1.0.0~start: solarFlare@1.0.0
8 verbose lifecycle solarFlare@1.0.0~start: unsafe-perm in lifecycle true
9 verbose lifecycle solarFlare@1.0.0~start: PATH: /Users/christopher/.nvm/versions/node/v7.0.0/lib/node_modules/npm/bin/node-gyp-bin:/Users/christopher/Documents/Dev/Galvanize/Workspace/side_projects/solarFlare/node_modules/.bin:/Users/christopher/.rvm/gems/ruby-2.3.3/bin:/Users/christopher/.rvm/gems/ruby-2.3.3@global/bin:/Users/christopher/.rvm/rubies/ruby-2.3.3/bin:/Users/christopher/.nvm/versions/node/v7.0.0/bin:/usr/local/bin:/usr/bin:/bin:/usr/sbin:/sbin:/Users/christopher/.rvm/bin
10 verbose lifecycle solarFlare@1.0.0~start: CWD: /Users/christopher/Documents/Dev/Galvanize/Workspace/side_projects/solarFlare
11 silly lifecycle solarFlare@1.0.0~start: Args: [ '-c', 'node app.js' ]
12 silly lifecycle solarFlare@1.0.0~start: Returned: code: 1  signal: null
13 info lifecycle solarFlare@1.0.0~start: Failed to exec start script
14 verbose stack Error: solarFlare@1.0.0 start: `node app.js`
14 verbose stack Exit status 1
14 verbose stack     at EventEmitter.<anonymous> (/Users/christopher/.nvm/versions/node/v7.0.0/lib/node_modules/npm/lib/utils/lifecycle.js:279:16)
14 verbose stack     at emitTwo (events.js:106:13)
14 verbose stack     at EventEmitter.emit (events.js:191:7)
14 verbose stack     at ChildProcess.<anonymous> (/Users/christopher/.nvm/versions/node/v7.0.0/lib/node_modules/npm/lib/utils/spawn.js:40:14)
14 verbose stack     at emitTwo (events.js:106:13)
14 verbose stack     at ChildProcess.emit (events.js:191:7)
14 verbose stack     at maybeClose (internal/child_process.js:877:16)
14 verbose stack     at Process.ChildProcess._handle.onexit (internal/child_process.js:226:5)
15 verbose pkgid solarFlare@1.0.0
16 verbose cwd /Users/christopher/Documents/Dev/Galvanize/Workspace/side_projects/solarFlare
17 error Darwin 16.4.0
18 error argv "/Users/christopher/.nvm/versions/node/v7.0.0/bin/node" "/Users/christopher/.nvm/versions/node/v7.0.0/bin/npm" "start"
19 error node v7.0.0
20 error npm  v4.0.5
21 error code ELIFECYCLE
22 error solarFlare@1.0.0 start: `node app.js`
22 error Exit status 1
23 error Failed at the solarFlare@1.0.0 start script 'node app.js'.
23 error Make sure you have the latest version of node.js and npm installed.
23 error If you do, this is most likely a problem with the solarFlare package,
23 error not with npm itself.
23 error Tell the author that this fails on your system:
23 error     node app.js
23 error You can get information on how to open an issue for this project with:
23 error     npm bugs solarFlare
23 error Or if that isn't available, you can get their info via:
23 error     npm owner ls solarFlare
23 error There is likely additional logging output above.
24 verbose exit [ 1, true ]
